<?xml version="1.0" encoding="utf-8"?><testsuites><testsuite name="pytest" errors="0" failures="0" skipped="0" tests="9" time="0.223" timestamp="2022-02-21T09:39:07.986456" hostname="DESKTOP-A77L859"><testcase classname="tests.test_gm" name="test_sm4_ecb" time="0.001" /><testcase classname="tests.test_gm" name="test_sm4_cbc" time="0.002" /><testcase classname="tests.test_gm" name="test_sm4_ecb_with_crypto" time="0.032" /><testcase classname="tests.test_gm" name="test_sm4_ecb_pkcs7" time="0.001" /><testcase classname="tests.test_gm" name="test_sm4_ecb_with_gmssl" time="0.001" /><testcase classname="tests.test_gm" name="test_sm4_generate_key" time="0.001" /><testcase classname="tests.test_gm" name="test_sm3" time="0.077" /><testcase classname="tests.test_gm" name="test_sm2" time="0.021" /><testcase classname="tests.test_gm" name="test_sm2_generate_key" time="0.024" /></testsuite></testsuites>